[05-Jul-2025 14:18:51 Africa/Nairobi] PHP Warning:  Undefined variable $pdo in C:\xampp\htdocs\sunstore-industries\checkout.php on line 89
[05-Jul-2025 14:18:51 Africa/Nairobi] PHP Fatal error:  Uncaught TypeError: calculate_cart_totals(): Argument #1 ($pdo) must be of type PDO, null given, called in C:\xampp\htdocs\sunstore-industries\checkout.php on line 89 and defined in C:\xampp\htdocs\sunstore-industries\includes\functions.php:1397
Stack trace:
#0 C:\xampp\htdocs\sunstore-industries\checkout.php(89): calculate_cart_totals(NULL)
#1 {main}
  thrown in C:\xampp\htdocs\sunstore-industries\includes\functions.php on line 1397
[05-Jul-2025 14:22:55 Africa/Nairobi] PHP Warning:  Undefined variable $pdo in C:\xampp\htdocs\sunstore-industries\checkout.php on line 89
[05-Jul-2025 14:22:55 Africa/Nairobi] Delivery method transaction failed: SQLSTATE[42S22]: Column not found: 1054 Unknown column 'price' in 'field list'
[05-Jul-2025 14:22:55 Africa/Nairobi] PHP Warning:  Undefined variable $order_totals in C:\xampp\htdocs\sunstore-industries\checkout.php on line 186
[05-Jul-2025 14:22:55 Africa/Nairobi] PHP Warning:  Trying to access array offset on value of type null in C:\xampp\htdocs\sunstore-industries\checkout.php on line 186
[05-Jul-2025 14:22:55 Africa/Nairobi] PHP Deprecated:  number_format(): Passing null to parameter #1 ($num) of type float is deprecated in C:\xampp\htdocs\sunstore-industries\checkout.php on line 186
[05-Jul-2025 14:22:55 Africa/Nairobi] PHP Warning:  Undefined variable $order_totals in C:\xampp\htdocs\sunstore-industries\checkout.php on line 196
[05-Jul-2025 14:22:55 Africa/Nairobi] PHP Warning:  Trying to access array offset on value of type null in C:\xampp\htdocs\sunstore-industries\checkout.php on line 196
[05-Jul-2025 14:22:55 Africa/Nairobi] PHP Deprecated:  number_format(): Passing null to parameter #1 ($num) of type float is deprecated in C:\xampp\htdocs\sunstore-industries\checkout.php on line 196
[05-Jul-2025 14:22:55 Africa/Nairobi] PHP Warning:  Undefined variable $order_totals in C:\xampp\htdocs\sunstore-industries\checkout.php on line 201
[05-Jul-2025 14:22:55 Africa/Nairobi] PHP Warning:  Trying to access array offset on value of type null in C:\xampp\htdocs\sunstore-industries\checkout.php on line 201
[05-Jul-2025 14:22:55 Africa/Nairobi] PHP Deprecated:  number_format(): Passing null to parameter #1 ($num) of type float is deprecated in C:\xampp\htdocs\sunstore-industries\checkout.php on line 201
[05-Jul-2025 14:24:56 Africa/Nairobi] Delivery method transaction failed: SQLSTATE[42S22]: Column not found: 1054 Unknown column 'price' in 'field list'
[05-Jul-2025 14:24:56 Africa/Nairobi] PHP Warning:  Undefined variable $order_totals in C:\xampp\htdocs\sunstore-industries\checkout.php on line 186
[05-Jul-2025 14:24:56 Africa/Nairobi] PHP Warning:  Trying to access array offset on value of type null in C:\xampp\htdocs\sunstore-industries\checkout.php on line 186
[05-Jul-2025 14:24:56 Africa/Nairobi] PHP Deprecated:  number_format(): Passing null to parameter #1 ($num) of type float is deprecated in C:\xampp\htdocs\sunstore-industries\checkout.php on line 186
[05-Jul-2025 14:24:56 Africa/Nairobi] PHP Warning:  Undefined variable $order_totals in C:\xampp\htdocs\sunstore-industries\checkout.php on line 196
[05-Jul-2025 14:24:56 Africa/Nairobi] PHP Warning:  Trying to access array offset on value of type null in C:\xampp\htdocs\sunstore-industries\checkout.php on line 196
[05-Jul-2025 14:24:56 Africa/Nairobi] PHP Deprecated:  number_format(): Passing null to parameter #1 ($num) of type float is deprecated in C:\xampp\htdocs\sunstore-industries\checkout.php on line 196
[05-Jul-2025 14:24:56 Africa/Nairobi] PHP Warning:  Undefined variable $order_totals in C:\xampp\htdocs\sunstore-industries\checkout.php on line 201
[05-Jul-2025 14:24:56 Africa/Nairobi] PHP Warning:  Trying to access array offset on value of type null in C:\xampp\htdocs\sunstore-industries\checkout.php on line 201
[05-Jul-2025 14:24:56 Africa/Nairobi] PHP Deprecated:  number_format(): Passing null to parameter #1 ($num) of type float is deprecated in C:\xampp\htdocs\sunstore-industries\checkout.php on line 201
[05-Jul-2025 14:27:03 Africa/Nairobi] Delivery method transaction failed: SQLSTATE[42S22]: Column not found: 1054 Unknown column 'price' in 'field list'
[05-Jul-2025 14:27:43 Africa/Nairobi] Delivery method transaction failed: SQLSTATE[42S22]: Column not found: 1054 Unknown column 'price' in 'field list'
[05-Jul-2025 14:27:43 Africa/Nairobi] Delivery method transaction failed: SQLSTATE[42S22]: Column not found: 1054 Unknown column 'price' in 'field list'
[05-Jul-2025 14:27:44 Africa/Nairobi] Delivery method transaction failed: SQLSTATE[42S22]: Column not found: 1054 Unknown column 'price' in 'field list'
[05-Jul-2025 14:34:18 Africa/Nairobi] Delivery method transaction failed: SQLSTATE[42S22]: Column not found: 1054 Unknown column 'price' in 'field list'
[05-Jul-2025 14:34:47 Africa/Nairobi] Delivery method transaction failed: SQLSTATE[42S22]: Column not found: 1054 Unknown column 'price' in 'field list'
[05-Jul-2025 14:34:47 Africa/Nairobi] Delivery method transaction failed: SQLSTATE[42S22]: Column not found: 1054 Unknown column 'price' in 'field list'
