Array
(
    [SERVER] => Array
        (
            [MIBDIRS] => C:/xampp/php/extras/mibs
            [MYSQL_HOME] => \xampp\mysql\bin
            [OPENSSL_CONF] => C:/xampp/apache/bin/openssl.cnf
            [PHP_PEAR_SYSCONF_DIR] => \xampp\php
            [PHPRC] => \xampp\php
            [TMP] => \xampp\tmp
            [HTTP_HOST] => localhost
            [HTTP_USER_AGENT] => Mozilla/5.0 (Windows NT 10.0; Win64; x64; rv:128.0) Gecko/20100101 Firefox/128.0
            [HTTP_ACCEPT] => text/html,application/xhtml+xml,application/xml;q=0.9,*/*;q=0.8
            [HTTP_ACCEPT_LANGUAGE] => en-US,en;q=0.5
            [HTTP_ACCEPT_ENCODING] => gzip, deflate, br, zstd
            [HTTP_REFERER] => http://localhost/sunstore-industries/admin/login.php
            [HTTP_CONNECTION] => keep-alive
            [HTTP_COOKIE] => PHPSESSID=sajbhrrc0fkb05i84qfjl03959
            [HTTP_UPGRADE_INSECURE_REQUESTS] => 1
            [HTTP_SEC_FETCH_DEST] => document
            [HTTP_SEC_FETCH_MODE] => navigate
            [HTTP_SEC_FETCH_SITE] => same-origin
            [HTTP_SEC_FETCH_USER] => ?1
            [HTTP_PRIORITY] => u=0, i
            [PATH] => C:\Windows\system32;C:\Windows;C:\Windows\System32\Wbem;C:\Windows\System32\WindowsPowerShell\v1.0\;C:\Windows\System32\OpenSSH\;C:\Program Files\PuTTY\;C:\Program Files\dotnet\;C:\Users\CYRUS\AppData\Local\Microsoft\WindowsApps;C:\Users\CYRUS\AppData\Local\Programs\Microsoft VS Code\bin
            [SystemRoot] => C:\Windows
            [COMSPEC] => C:\Windows\system32\cmd.exe
            [PATHEXT] => .COM;.EXE;.BAT;.CMD;.VBS;.VBE;.JS;.JSE;.WSF;.WSH;.MSC
            [WINDIR] => C:\Windows
            [SERVER_SIGNATURE] => <address>Apache/2.4.58 (Win64) OpenSSL/3.1.3 PHP/8.1.25 Server at localhost Port 80</address>

            [SERVER_SOFTWARE] => Apache/2.4.58 (Win64) OpenSSL/3.1.3 PHP/8.1.25
            [SERVER_NAME] => localhost
            [SERVER_ADDR] => 127.0.0.1
            [SERVER_PORT] => 80
            [REMOTE_ADDR] => 127.0.0.1
            [DOCUMENT_ROOT] => C:/xampp/htdocs
            [REQUEST_SCHEME] => http
            [CONTEXT_PREFIX] => 
            [CONTEXT_DOCUMENT_ROOT] => C:/xampp/htdocs
            [SERVER_ADMIN] => postmaster@localhost
            [SCRIPT_FILENAME] => C:/xampp/htdocs/sunstore-industries/admin/login.php
            [REMOTE_PORT] => 60580
            [GATEWAY_INTERFACE] => CGI/1.1
            [SERVER_PROTOCOL] => HTTP/1.1
            [REQUEST_METHOD] => GET
            [QUERY_STRING] => 
            [REQUEST_URI] => /sunstore-industries/admin/login.php
            [SCRIPT_NAME] => /sunstore-industries/admin/login.php
            [PHP_SELF] => /sunstore-industries/admin/login.php
            [REQUEST_TIME_FLOAT] => 1751560208.4188
            [REQUEST_TIME] => 1751560208
        )

    [SESSION] => Array
        (
            [user_id] => 2
            [username] => testadmin
            [LAST_ACTIVITY] => 1751560208
        )

)

